ads/build/intermediates/manifest_merge_blame_file/debug/manifest-merger-blame-debug-report.txt
1<?xml version="1.0" encoding="utf-8"?>
2<manifest xmlns:android="http://schemas.android.com/apk/res/android"
3    package="com.ads.narayan" >
4
5    <uses-sdk
6        android:minSdkVersion="21"
6-->src\main\AndroidManifest.xml
7        android:targetSdkVersion="31" />
7-->src\main\AndroidManifest.xml
8
9    <uses-permission android:name="android.permission.INTERNET" />
9-->src\main\AndroidManifest.xml:4:5-67
9-->src\main\AndroidManifest.xml:4:22-64
10    <uses-permission android:name="android.permission.ACCESS_NETWORK_STATE" />
10-->src\main\AndroidManifest.xml:5:5-79
10-->src\main\AndroidManifest.xml:5:22-76
11    <uses-permission android:name="android.permission.WAKE_LOCK" />
11-->src\main\AndroidManifest.xml:6:5-68
11-->src\main\AndroidManifest.xml:6:22-65
12    <uses-permission android:name="com.google.android.gms.permission.AD_ID" />
12-->src\main\AndroidManifest.xml:7:5-78
12-->src\main\AndroidManifest.xml:7:22-76
13
14    <application android:networkSecurityConfig="@xml/network_security_config" >
14-->src\main\AndroidManifest.xml:9:5-25:19
14-->src\main\AndroidManifest.xml:10:9-69
15        <receiver
15-->src\main\AndroidManifest.xml:11:9-18:20
16            android:name="com.adjust.sdk.AdjustReferrerReceiver"
16-->src\main\AndroidManifest.xml:12:13-65
17            android:exported="true"
17-->src\main\AndroidManifest.xml:14:13-36
18            android:permission="android.permission.INSTALL_PACKAGES" >
18-->src\main\AndroidManifest.xml:13:13-69
19            <intent-filter>
19-->src\main\AndroidManifest.xml:15:13-17:29
20                <action android:name="com.android.vending.INSTALL_REFERRER" />
20-->src\main\AndroidManifest.xml:16:17-79
20-->src\main\AndroidManifest.xml:16:25-76
21            </intent-filter>
22        </receiver>
23
24        <meta-data
24-->src\main\AndroidManifest.xml:19:9-21:35
25            android:name="com.google.android.gms.ads.flag.OPTIMIZE_INITIALIZATION"
25-->src\main\AndroidManifest.xml:20:13-83
26            android:value="true" />
26-->src\main\AndroidManifest.xml:21:13-33
27        <meta-data
27-->src\main\AndroidManifest.xml:22:9-24:35
28            android:name="com.google.android.gms.ads.flag.OPTIMIZE_AD_LOADING"
28-->src\main\AndroidManifest.xml:23:13-79
29            android:value="true" />
29-->src\main\AndroidManifest.xml:24:13-33
30    </application>
31
32</manifest>